{"clientVersion":"5.22.0","errorCode":"P1012","level":"error","message":"Database connection failed: \u001b[1;91merror\u001b[0m: \u001b[1mEnvironment variable not found: DATABASE_URL.\u001b[0m\n  \u001b[1;94m-->\u001b[0m  \u001b[4mschema.prisma:10\u001b[0m\n\u001b[1;94m   | \u001b[0m\n\u001b[1;94m 9 | \u001b[0m  provider = \"postgresql\"\n\u001b[1;94m10 | \u001b[0m  url      = \u001b[1;91menv(\"DATABASE_URL\")\u001b[0m\n\u001b[1;94m   | \u001b[0m\n\nValidation Error Count: 1","name":"PrismaClientInitializationError","service":"auratechit-api","stack":"PrismaClientInitializationError: \u001b[1;91merror\u001b[0m: \u001b[1mEnvironment variable not found: DATABASE_URL.\u001b[0m\n  \u001b[1;94m-->\u001b[0m  \u001b[4mschema.prisma:10\u001b[0m\n\u001b[1;94m   | \u001b[0m\n\u001b[1;94m 9 | \u001b[0m  provider = \"postgresql\"\n\u001b[1;94m10 | \u001b[0m  url      = \u001b[1;91menv(\"DATABASE_URL\")\u001b[0m\n\u001b[1;94m   | \u001b[0m\n\nValidation Error Count: 1\n    at t (C:\\Users\\Shanto\\AndroidStudioProjects\\AuraTechIT\\node_modules\\@prisma\\client\\runtime\\library.js:112:2488)\n    at async connectDatabase (C:\\Users\\Shanto\\AndroidStudioProjects\\AuraTechIT\\services\\api\\dist\\config\\database.js:33:9)\n    at async startServer (C:\\Users\\Shanto\\AndroidStudioProjects\\AuraTechIT\\services\\api\\dist\\index.js:108:9)","timestamp":"2026-01-08 23:45:38"}
{"level":"info","message":"Database connected successfully","service":"auratechit-api","timestamp":"2026-01-08 23:49:18"}
{"level":"info","message":"Redis Client Connected","service":"auratechit-api","timestamp":"2026-01-08 23:49:18"}
{"level":"info","message":"Redis Client Ready","service":"auratechit-api","timestamp":"2026-01-08 23:49:18"}
{"level":"info","message":"Server running on port 3001","service":"auratechit-api","timestamp":"2026-01-08 23:49:18"}
{"level":"info","message":"Environment: development","service":"auratechit-api","timestamp":"2026-01-08 23:49:18"}
{"level":"info","message":"Health check: http://localhost:3001/health","service":"auratechit-api","timestamp":"2026-01-08 23:49:18"}
{"level":"info","message":"::1 - - [08/Jan/2026:17:52:59 +0000] \"GET / HTTP/1.1\" 404 77 \"-\" \"Mozilla/5.0 (Windows NT 10.0; Win64; x64) AppleWebKit/537.36 (KHTML, like Gecko) Chrome/143.0.0.0 Safari/537.36\"","service":"auratechit-api","timestamp":"2026-01-08 23:52:59"}
{"level":"info","message":"::1 - - [08/Jan/2026:17:52:59 +0000] \"GET /favicon.ico HTTP/1.1\" 404 77 \"-\" \"Mozilla/5.0 (Windows NT 10.0; Win64; x64) AppleWebKit/537.36 (KHTML, like Gecko) Chrome/143.0.0.0 Safari/537.36\"","service":"auratechit-api","timestamp":"2026-01-08 23:52:59"}
{"level":"info","message":"::1 - - [08/Jan/2026:17:59:09 +0000] \"GET / HTTP/1.1\" 404 77 \"-\" \"Mozilla/5.0 (Windows NT 10.0; Win64; x64) AppleWebKit/537.36 (KHTML, like Gecko) Chrome/143.0.0.0 Safari/537.36\"","service":"auratechit-api","timestamp":"2026-01-08 23:59:09"}
{"level":"info","message":"::1 - - [08/Jan/2026:17:59:09 +0000] \"GET /favicon.ico HTTP/1.1\" 404 77 \"-\" \"Mozilla/5.0 (Windows NT 10.0; Win64; x64) AppleWebKit/537.36 (KHTML, like Gecko) Chrome/143.0.0.0 Safari/537.36\"","service":"auratechit-api","timestamp":"2026-01-08 23:59:09"}
{"level":"info","message":"::1 - - [08/Jan/2026:18:00:53 +0000] \"GET /api/auth/login HTTP/1.1\" 404 77 \"-\" \"Mozilla/5.0 (Windows NT 10.0; Win64; x64) AppleWebKit/537.36 (KHTML, like Gecko) Chrome/143.0.0.0 Safari/537.36\"","service":"auratechit-api","timestamp":"2026-01-09 00:00:53"}
{"level":"info","message":"User logged in: demo@auratechit.com","service":"auratechit-api","timestamp":"2026-01-09 00:01:50"}
{"level":"info","message":"::1 - - [08/Jan/2026:18:01:50 +0000] \"POST /api/auth/login HTTP/1.1\" 200 368 \"-\" \"Mozilla/5.0 (Windows NT; Windows NT 10.0; en-US) WindowsPowerShell/5.1.26100.7462\"","service":"auratechit-api","timestamp":"2026-01-09 00:01:50"}
{"level":"info","message":"::1 - - [08/Jan/2026:18:17:17 +0000] \"GET / HTTP/1.1\" 404 77 \"-\" \"Mozilla/5.0 (Windows NT 10.0; Win64; x64) AppleWebKit/537.36 (KHTML, like Gecko) Chrome/143.0.0.0 Safari/537.36\"","service":"auratechit-api","timestamp":"2026-01-09 00:17:17"}
{"level":"info","message":"Database connected successfully","service":"auratechit-api","timestamp":"2026-01-09 00:19:52"}
{"level":"info","message":"Redis Client Connected","service":"auratechit-api","timestamp":"2026-01-09 00:19:52"}
{"level":"info","message":"Redis Client Ready","service":"auratechit-api","timestamp":"2026-01-09 00:19:52"}
{"level":"info","message":"Server running on port 3001","service":"auratechit-api","timestamp":"2026-01-09 00:19:52"}
{"level":"info","message":"Environment: development","service":"auratechit-api","timestamp":"2026-01-09 00:19:52"}
{"level":"info","message":"Health check: http://localhost:3001/health","service":"auratechit-api","timestamp":"2026-01-09 00:19:52"}
{"level":"info","message":"Database connected successfully","service":"auratechit-api","timestamp":"2026-01-09 00:29:19"}
{"level":"info","message":"Redis Client Connected","service":"auratechit-api","timestamp":"2026-01-09 00:29:19"}
{"level":"info","message":"Redis Client Ready","service":"auratechit-api","timestamp":"2026-01-09 00:29:20"}
{"level":"info","message":"Server running on port 3001","service":"auratechit-api","timestamp":"2026-01-09 00:29:20"}
{"level":"info","message":"Environment: development","service":"auratechit-api","timestamp":"2026-01-09 00:29:20"}
{"level":"info","message":"Health check: http://localhost:3001/health","service":"auratechit-api","timestamp":"2026-01-09 00:29:20"}
{"level":"info","message":"Database connected successfully","service":"auratechit-api","timestamp":"2026-01-09 00:40:53"}
{"level":"info","message":"Redis Client Connected","service":"auratechit-api","timestamp":"2026-01-09 00:40:53"}
{"level":"info","message":"Redis Client Ready","service":"auratechit-api","timestamp":"2026-01-09 00:40:53"}
{"level":"info","message":"Database connected successfully","service":"auratechit-api","timestamp":"2026-01-09 00:44:11"}
{"level":"info","message":"Redis Client Connected","service":"auratechit-api","timestamp":"2026-01-09 00:44:11"}
{"level":"info","message":"Redis Client Ready","service":"auratechit-api","timestamp":"2026-01-09 00:44:11"}
{"level":"info","message":"Database connected successfully","service":"auratechit-api","timestamp":"2026-01-09 00:46:38"}
{"level":"info","message":"Redis Client Connected","service":"auratechit-api","timestamp":"2026-01-09 00:46:38"}
{"level":"info","message":"Redis Client Ready","service":"auratechit-api","timestamp":"2026-01-09 00:46:38"}
{"level":"info","message":"Database connected successfully","service":"auratechit-api","timestamp":"2026-01-09 00:47:02"}
{"level":"info","message":"Redis Client Connected","service":"auratechit-api","timestamp":"2026-01-09 00:47:02"}
{"level":"info","message":"Redis Client Ready","service":"auratechit-api","timestamp":"2026-01-09 00:47:02"}
{"level":"info","message":"Database connected successfully","service":"auratechit-api","timestamp":"2026-01-09 00:48:30"}
{"level":"info","message":"Redis Client Connected","service":"auratechit-api","timestamp":"2026-01-09 00:48:30"}
{"level":"info","message":"Redis Client Ready","service":"auratechit-api","timestamp":"2026-01-09 00:48:30"}
{"level":"info","message":"Server running on port 3001","service":"auratechit-api","timestamp":"2026-01-09 00:48:30"}
{"level":"info","message":"Environment: development","service":"auratechit-api","timestamp":"2026-01-09 00:48:30"}
{"level":"info","message":"Health check: http://localhost:3001/health","service":"auratechit-api","timestamp":"2026-01-09 00:48:30"}
{"level":"info","message":"Database connected successfully","service":"auratechit-api","timestamp":"2026-01-09 00:49:32"}
{"level":"info","message":"Redis Client Connected","service":"auratechit-api","timestamp":"2026-01-09 00:49:32"}
{"level":"info","message":"Redis Client Ready","service":"auratechit-api","timestamp":"2026-01-09 00:49:32"}
{"level":"info","message":"Database connected successfully","service":"auratechit-api","timestamp":"2026-01-09 00:55:13"}
{"level":"info","message":"Redis Client Connected","service":"auratechit-api","timestamp":"2026-01-09 00:55:13"}
{"level":"info","message":"Redis Client Ready","service":"auratechit-api","timestamp":"2026-01-09 00:55:13"}
{"level":"info","message":"Server running on port 3001","service":"auratechit-api","timestamp":"2026-01-09 00:55:13"}
{"level":"info","message":"Environment: development","service":"auratechit-api","timestamp":"2026-01-09 00:55:13"}
{"level":"info","message":"Health check: http://localhost:3001/health","service":"auratechit-api","timestamp":"2026-01-09 00:55:13"}
{"level":"info","message":"User logged in: demo@auratechit.com","service":"auratechit-api","timestamp":"2026-01-09 00:57:13"}
{"level":"info","message":"::1 - - [08/Jan/2026:18:57:13 +0000] \"POST /api/auth/login HTTP/1.1\" 200 368 \"http://localhost:3000/\" \"Mozilla/5.0 (Windows NT 10.0; Win64; x64) AppleWebKit/537.36 (KHTML, like Gecko) Chrome/143.0.0.0 Safari/537.36\"","service":"auratechit-api","timestamp":"2026-01-09 00:57:13"}
{"level":"info","message":"::1 - - [08/Jan/2026:18:57:14 +0000] \"GET /api/dashboard/stats HTTP/1.1\" 401 83 \"http://localhost:3000/\" \"Mozilla/5.0 (Windows NT 10.0; Win64; x64) AppleWebKit/537.36 (KHTML, like Gecko) Chrome/143.0.0.0 Safari/537.36\"","service":"auratechit-api","timestamp":"2026-01-09 00:57:14"}
{"level":"info","message":"::1 - - [08/Jan/2026:18:57:14 +0000] \"GET /api/dashboard/stats HTTP/1.1\" 401 83 \"http://localhost:3000/\" \"Mozilla/5.0 (Windows NT 10.0; Win64; x64) AppleWebKit/537.36 (KHTML, like Gecko) Chrome/143.0.0.0 Safari/537.36\"","service":"auratechit-api","timestamp":"2026-01-09 00:57:14"}
{"level":"info","message":"::1 - - [08/Jan/2026:18:57:14 +0000] \"GET /api/dashboard/activities HTTP/1.1\" 401 83 \"http://localhost:3000/\" \"Mozilla/5.0 (Windows NT 10.0; Win64; x64) AppleWebKit/537.36 (KHTML, like Gecko) Chrome/143.0.0.0 Safari/537.36\"","service":"auratechit-api","timestamp":"2026-01-09 00:57:14"}
{"level":"info","message":"::1 - - [08/Jan/2026:18:57:14 +0000] \"GET /api/dashboard/activities HTTP/1.1\" 401 83 \"http://localhost:3000/\" \"Mozilla/5.0 (Windows NT 10.0; Win64; x64) AppleWebKit/537.36 (KHTML, like Gecko) Chrome/143.0.0.0 Safari/537.36\"","service":"auratechit-api","timestamp":"2026-01-09 00:57:14"}
{"level":"info","message":"SIGINT received, shutting down gracefully","service":"auratechit-api","timestamp":"2026-01-09 00:58:06"}
{"level":"info","message":"Database disconnected","service":"auratechit-api","timestamp":"2026-01-09 00:58:06"}
{"level":"info","message":"Redis Client Disconnected","service":"auratechit-api","timestamp":"2026-01-09 00:58:07"}
{"level":"info","message":"Database connected successfully","service":"auratechit-api","timestamp":"2026-01-09 01:01:00"}
{"level":"info","message":"Redis Client Connected","service":"auratechit-api","timestamp":"2026-01-09 01:01:00"}
{"level":"info","message":"Redis Client Ready","service":"auratechit-api","timestamp":"2026-01-09 01:01:00"}
{"level":"info","message":"Server running on port 3001","service":"auratechit-api","timestamp":"2026-01-09 01:01:00"}
{"level":"info","message":"Environment: development","service":"auratechit-api","timestamp":"2026-01-09 01:01:00"}
{"level":"info","message":"Health check: http://localhost:3001/health","service":"auratechit-api","timestamp":"2026-01-09 01:01:00"}
{"level":"info","message":"Database connected successfully","service":"auratechit-api","timestamp":"2026-01-09 01:01:27"}
{"level":"info","message":"Redis Client Connected","service":"auratechit-api","timestamp":"2026-01-09 01:01:27"}
{"level":"info","message":"Redis Client Ready","service":"auratechit-api","timestamp":"2026-01-09 01:01:27"}
{"level":"info","message":"Server running on port 3001","service":"auratechit-api","timestamp":"2026-01-09 01:01:27"}
{"level":"info","message":"Environment: development","service":"auratechit-api","timestamp":"2026-01-09 01:01:27"}
{"level":"info","message":"Health check: http://localhost:3001/health","service":"auratechit-api","timestamp":"2026-01-09 01:01:27"}
{"level":"error","message":"Redis Client Error: Socket closed unexpectedly","service":"auratechit-api","stack":"Error: Socket closed unexpectedly\n    at Socket.<anonymous> (C:\\Users\\Shanto\\AndroidStudioProjects\\AuraTechIT\\node_modules\\@redis\\client\\dist\\lib\\client\\socket.js:194:118)\n    at Object.onceWrapper (node:events:623:26)\n    at Socket.emit (node:events:508:28)\n    at TCP.<anonymous> (node:net:346:12)","timestamp":"2026-01-09 01:02:20"}
{"level":"info","message":"Redis Client Connected","service":"auratechit-api","timestamp":"2026-01-09 01:02:20"}
{"level":"error","message":"Redis Client Error: Socket closed unexpectedly","service":"auratechit-api","stack":"Error: Socket closed unexpectedly\n    at Socket.<anonymous> (C:\\Users\\Shanto\\AndroidStudioProjects\\AuraTechIT\\node_modules\\@redis\\client\\dist\\lib\\client\\socket.js:194:118)\n    at Object.onceWrapper (node:events:623:26)\n    at Socket.emit (node:events:508:28)\n    at TCP.<anonymous> (node:net:346:12)","timestamp":"2026-01-09 01:02:20"}
{"level":"error","message":"Redis Client Error: Socket closed unexpectedly","service":"auratechit-api","stack":"Error: Socket closed unexpectedly\n    at Socket.<anonymous> (C:\\Users\\Shanto\\AndroidStudioProjects\\AuraTechIT\\node_modules\\@redis\\client\\dist\\lib\\client\\socket.js:194:118)\n    at Object.onceWrapper (node:events:623:26)\n    at Socket.emit (node:events:508:28)\n    at TCP.<anonymous> (node:net:346:12)","timestamp":"2026-01-09 01:02:20"}
{"level":"info","message":"Redis Client Connected","service":"auratechit-api","timestamp":"2026-01-09 01:02:20"}
{"level":"error","message":"Redis Client Error: Socket closed unexpectedly","service":"auratechit-api","stack":"Error: Socket closed unexpectedly\n    at Socket.<anonymous> (C:\\Users\\Shanto\\AndroidStudioProjects\\AuraTechIT\\node_modules\\@redis\\client\\dist\\lib\\client\\socket.js:194:118)\n    at Object.onceWrapper (node:events:623:26)\n    at Socket.emit (node:events:508:28)\n    at TCP.<anonymous> (node:net:346:12)","timestamp":"2026-01-09 01:02:20"}
{"level":"error","message":"Redis Client Error: Socket closed unexpectedly","service":"auratechit-api","stack":"Error: Socket closed unexpectedly\n    at Socket.<anonymous> (C:\\Users\\Shanto\\AndroidStudioProjects\\AuraTechIT\\node_modules\\@redis\\client\\dist\\lib\\client\\socket.js:194:118)\n    at Object.onceWrapper (node:events:623:26)\n    at Socket.emit (node:events:508:28)\n    at TCP.<anonymous> (node:net:346:12)","timestamp":"2026-01-09 01:02:20"}
{"level":"info","message":"Redis Client Connected","service":"auratechit-api","timestamp":"2026-01-09 01:02:20"}
{"level":"error","message":"Redis Client Error: Socket closed unexpectedly","service":"auratechit-api","stack":"Error: Socket closed unexpectedly\n    at Socket.<anonymous> (C:\\Users\\Shanto\\AndroidStudioProjects\\AuraTechIT\\node_modules\\@redis\\client\\dist\\lib\\client\\socket.js:194:118)\n    at Object.onceWrapper (node:events:623:26)\n    at Socket.emit (node:events:508:28)\n    at TCP.<anonymous> (node:net:346:12)","timestamp":"2026-01-09 01:02:20"}
{"level":"error","message":"Redis Client Error: Socket closed unexpectedly","service":"auratechit-api","stack":"Error: Socket closed unexpectedly\n    at Socket.<anonymous> (C:\\Users\\Shanto\\AndroidStudioProjects\\AuraTechIT\\node_modules\\@redis\\client\\dist\\lib\\client\\socket.js:194:118)\n    at Object.onceWrapper (node:events:623:26)\n    at Socket.emit (node:events:508:28)\n    at TCP.<anonymous> (node:net:346:12)","timestamp":"2026-01-09 01:02:20"}
{"level":"info","message":"Redis Client Connected","service":"auratechit-api","timestamp":"2026-01-09 01:02:21"}
{"level":"error","message":"Redis Client Error: Socket closed unexpectedly","service":"auratechit-api","stack":"Error: Socket closed unexpectedly\n    at Socket.<anonymous> (C:\\Users\\Shanto\\AndroidStudioProjects\\AuraTechIT\\node_modules\\@redis\\client\\dist\\lib\\client\\socket.js:194:118)\n    at Object.onceWrapper (node:events:623:26)\n    at Socket.emit (node:events:508:28)\n    at TCP.<anonymous> (node:net:346:12)","timestamp":"2026-01-09 01:02:21"}
{"level":"error","message":"Redis Client Error: Socket closed unexpectedly","service":"auratechit-api","stack":"Error: Socket closed unexpectedly\n    at Socket.<anonymous> (C:\\Users\\Shanto\\AndroidStudioProjects\\AuraTechIT\\node_modules\\@redis\\client\\dist\\lib\\client\\socket.js:194:118)\n    at Object.onceWrapper (node:events:623:26)\n    at Socket.emit (node:events:508:28)\n    at TCP.<anonymous> (node:net:346:12)","timestamp":"2026-01-09 01:02:21"}
{"level":"info","message":"Redis Client Connected","service":"auratechit-api","timestamp":"2026-01-09 01:02:21"}
{"level":"error","message":"Redis Client Error: Socket closed unexpectedly","service":"auratechit-api","stack":"Error: Socket closed unexpectedly\n    at Socket.<anonymous> (C:\\Users\\Shanto\\AndroidStudioProjects\\AuraTechIT\\node_modules\\@redis\\client\\dist\\lib\\client\\socket.js:194:118)\n    at Object.onceWrapper (node:events:623:26)\n    at Socket.emit (node:events:508:28)\n    at TCP.<anonymous> (node:net:346:12)","timestamp":"2026-01-09 01:02:21"}
{"level":"error","message":"Redis Client Error: Socket closed unexpectedly","service":"auratechit-api","stack":"Error: Socket closed unexpectedly\n    at Socket.<anonymous> (C:\\Users\\Shanto\\AndroidStudioProjects\\AuraTechIT\\node_modules\\@redis\\client\\dist\\lib\\client\\socket.js:194:118)\n    at Object.onceWrapper (node:events:623:26)\n    at Socket.emit (node:events:508:28)\n    at TCP.<anonymous> (node:net:346:12)","timestamp":"2026-01-09 01:02:21"}
{"level":"info","message":"Redis Client Connected","service":"auratechit-api","timestamp":"2026-01-09 01:02:21"}
{"level":"error","message":"Redis Client Error: Socket closed unexpectedly","service":"auratechit-api","stack":"Error: Socket closed unexpectedly\n    at Socket.<anonymous> (C:\\Users\\Shanto\\AndroidStudioProjects\\AuraTechIT\\node_modules\\@redis\\client\\dist\\lib\\client\\socket.js:194:118)\n    at Object.onceWrapper (node:events:623:26)\n    at Socket.emit (node:events:508:28)\n    at TCP.<anonymous> (node:net:346:12)","timestamp":"2026-01-09 01:02:21"}
{"level":"error","message":"Redis Client Error: Socket closed unexpectedly","service":"auratechit-api","stack":"Error: Socket closed unexpectedly\n    at Socket.<anonymous> (C:\\Users\\Shanto\\AndroidStudioProjects\\AuraTechIT\\node_modules\\@redis\\client\\dist\\lib\\client\\socket.js:194:118)\n    at Object.onceWrapper (node:events:623:26)\n    at Socket.emit (node:events:508:28)\n    at TCP.<anonymous> (node:net:346:12)","timestamp":"2026-01-09 01:02:21"}
{"level":"info","message":"Redis Client Connected","service":"auratechit-api","timestamp":"2026-01-09 01:02:21"}
{"level":"error","message":"Redis Client Error: Socket closed unexpectedly","service":"auratechit-api","stack":"Error: Socket closed unexpectedly\n    at Socket.<anonymous> (C:\\Users\\Shanto\\AndroidStudioProjects\\AuraTechIT\\node_modules\\@redis\\client\\dist\\lib\\client\\socket.js:194:118)\n    at Object.onceWrapper (node:events:623:26)\n    at Socket.emit (node:events:508:28)\n    at TCP.<anonymous> (node:net:346:12)","timestamp":"2026-01-09 01:02:25"}
{"level":"error","message":"Redis Client Error: Socket closed unexpectedly","service":"auratechit-api","stack":"Error: Socket closed unexpectedly\n    at Socket.<anonymous> (C:\\Users\\Shanto\\AndroidStudioProjects\\AuraTechIT\\node_modules\\@redis\\client\\dist\\lib\\client\\socket.js:194:118)\n    at Object.onceWrapper (node:events:623:26)\n    at Socket.emit (node:events:508:28)\n    at TCP.<anonymous> (node:net:346:12)","timestamp":"2026-01-09 01:02:25"}
{"code":"ECONNREFUSED","level":"error","message":"Redis Client Error:","service":"auratechit-api","stack":"AggregateError [ECONNREFUSED]: \n    at internalConnectMultiple (node:net:1134:18)\n    at afterConnectMultiple (node:net:1715:7)","timestamp":"2026-01-09 01:02:26"}
{"code":"ECONNREFUSED","level":"error","message":"Redis Client Error:","service":"auratechit-api","stack":"AggregateError [ECONNREFUSED]: \n    at internalConnectMultiple (node:net:1134:18)\n    at afterConnectMultiple (node:net:1715:7)","timestamp":"2026-01-09 01:02:26"}
{"code":"ECONNREFUSED","level":"error","message":"Redis Client Error:","service":"auratechit-api","stack":"AggregateError [ECONNREFUSED]: \n    at internalConnectMultiple (node:net:1134:18)\n    at afterConnectMultiple (node:net:1715:7)","timestamp":"2026-01-09 01:02:27"}
{"code":"ECONNREFUSED","level":"error","message":"Redis Client Error:","service":"auratechit-api","stack":"AggregateError [ECONNREFUSED]: \n    at internalConnectMultiple (node:net:1134:18)\n    at afterConnectMultiple (node:net:1715:7)","timestamp":"2026-01-09 01:02:27"}
{"level":"error","message":"Redis reconnection failed after 10 attempts","service":"auratechit-api","timestamp":"2026-01-09 01:02:27"}
{"code":"ECONNREFUSED","level":"error","message":"Redis Client Error:","service":"auratechit-api","stack":"AggregateError [ECONNREFUSED]: \n    at internalConnectMultiple (node:net:1134:18)\n    at afterConnectMultiple (node:net:1715:7)","timestamp":"2026-01-09 01:02:27"}
{"clientVersion":"5.22.0","errorCode":"P1001","level":"error","message":"Database connection failed: Can't reach database server at `localhost:5432`\n\nPlease make sure your database server is running at `localhost:5432`.","name":"PrismaClientInitializationError","service":"auratechit-api","stack":"PrismaClientInitializationError: Can't reach database server at `localhost:5432`\n\nPlease make sure your database server is running at `localhost:5432`.\n    at t (C:\\Users\\Shanto\\AndroidStudioProjects\\AuraTechIT\\node_modules\\@prisma\\client\\runtime\\library.js:112:2488)\n    at async connectDatabase (C:\\Users\\Shanto\\AndroidStudioProjects\\AuraTechIT\\services\\api\\dist\\config\\database.js:33:9)\n    at async startServer (C:\\Users\\Shanto\\AndroidStudioProjects\\AuraTechIT\\services\\api\\dist\\index.js:110:9)","timestamp":"2026-01-28 22:21:47"}
{"clientVersion":"5.22.0","errorCode":"P1001","level":"error","message":"Database connection failed: Can't reach database server at `localhost:5432`\n\nPlease make sure your database server is running at `localhost:5432`.","name":"PrismaClientInitializationError","service":"auratechit-api","stack":"PrismaClientInitializationError: Can't reach database server at `localhost:5432`\n\nPlease make sure your database server is running at `localhost:5432`.\n    at t (C:\\Users\\Shanto\\AndroidStudioProjects\\AuraTechIT\\node_modules\\@prisma\\client\\runtime\\library.js:112:2488)\n    at async connectDatabase (C:\\Users\\Shanto\\AndroidStudioProjects\\AuraTechIT\\services\\api\\dist\\config\\database.js:33:9)\n    at async startServer (C:\\Users\\Shanto\\AndroidStudioProjects\\AuraTechIT\\services\\api\\dist\\index.js:110:9)","timestamp":"2026-01-29 21:43:32"}
{"clientVersion":"5.22.0","errorCode":"P1001","level":"error","message":"Database connection failed: Can't reach database server at `localhost:5432`\n\nPlease make sure your database server is running at `localhost:5432`.","name":"PrismaClientInitializationError","service":"auratechit-api","stack":"PrismaClientInitializationError: Can't reach database server at `localhost:5432`\n\nPlease make sure your database server is running at `localhost:5432`.\n    at t (C:\\Users\\Shanto\\AndroidStudioProjects\\AuraTechIT\\node_modules\\@prisma\\client\\runtime\\library.js:112:2488)\n    at async connectDatabase (C:\\Users\\Shanto\\AndroidStudioProjects\\AuraTechIT\\services\\api\\dist\\config\\database.js:33:9)\n    at async startServer (C:\\Users\\Shanto\\AndroidStudioProjects\\AuraTechIT\\services\\api\\dist\\index.js:110:9)","timestamp":"2026-01-29 21:58:54"}
